[0.037s] Invoking command in '/home/usuario/Documentos/GitHub/IR2117/ros2_ws/build/examples_sum': CMAKE_PREFIX_PATH=/opt/ros/foxy /usr/bin/cmake --build /home/usuario/Documentos/GitHub/IR2117/ros2_ws/build/examples_sum -- -j6 -l6
[0.152s] -- Found ament_cmake: 0.9.11 (/opt/ros/foxy/share/ament_cmake/cmake)
[0.181s] -- Using PYTHON_EXECUTABLE: /usr/bin/python3
[0.386s] -- Found rclcpp: 2.4.2 (/opt/ros/foxy/share/rclcpp/cmake)
[0.428s] -- Using all available rosidl_typesupport_c: rosidl_typesupport_fastrtps_c;rosidl_typesupport_introspection_c
[0.432s] -- Found rosidl_adapter: 1.3.0 (/opt/ros/foxy/share/rosidl_adapter/cmake)
[0.539s] -- Using all available rosidl_typesupport_cpp: rosidl_typesupport_fastrtps_cpp;rosidl_typesupport_introspection_cpp
[0.591s] -- Found rmw_implementation_cmake: 1.0.3 (/opt/ros/foxy/share/rmw_implementation_cmake/cmake)
[0.593s] -- Using RMW implementation 'rmw_fastrtps_cpp' as default
[0.837s] -- Configuring done
[0.917s] -- Generating done
[0.931s] -- Build files have been written to: /home/usuario/Documentos/GitHub/IR2117/ros2_ws/build/examples_sum
[0.986s] [35m[1mScanning dependencies of target sum[0m
[1.079s] [ 50%] [32mBuilding CXX object CMakeFiles/sum.dir/sum.cpp.o[0m
[201.552s] make[2]: *** wait: No hay ningún proceso hijo.  Alto.
[201.553s] make[2]: *** Se espera a que terminen otras tareas....
[201.553s] make[2]: *** wait: No hay ningún proceso hijo.  Alto.
[201.553s] make[1]: *** [CMakeFiles/Makefile2:105: CMakeFiles/sum.dir/all] Error 2
[201.553s] make: *** wait: No hay ningún proceso hijo.  Alto.
[201.553s] make: *** Se espera a que terminen otras tareas....
[201.554s] make: *** wait: No hay ningún proceso hijo.  Alto.
[201.554s] Invoked command in '/home/usuario/Documentos/GitHub/IR2117/ros2_ws/build/examples_sum' returned '-2': CMAKE_PREFIX_PATH=/opt/ros/foxy /usr/bin/cmake --build /home/usuario/Documentos/GitHub/IR2117/ros2_ws/build/examples_sum -- -j6 -l6
