[0.023s] Invoking command in '/home/usuario/Documentos/GitHub/IR2117/ros2_ws/build/examples_sum': CMAKE_PREFIX_PATH=/opt/ros/foxy /usr/bin/cmake /home/usuario/Documentos/GitHub/IR2117/ros2_ws/src/examples/sum -DCMAKE_INSTALL_PREFIX=/home/usuario/Documentos/GitHub/IR2117/ros2_ws/install/examples_sum
[0.034s] -- Found ament_cmake: 0.9.11 (/opt/ros/foxy/share/ament_cmake/cmake)
[0.051s] -- Using PYTHON_EXECUTABLE: /usr/bin/python3
[0.200s] -- Found rclcpp: 2.4.2 (/opt/ros/foxy/share/rclcpp/cmake)
[0.226s] -- Using all available rosidl_typesupport_c: rosidl_typesupport_fastrtps_c;rosidl_typesupport_introspection_c
[0.229s] -- Found rosidl_adapter: 1.3.0 (/opt/ros/foxy/share/rosidl_adapter/cmake)
[0.322s] -- Using all available rosidl_typesupport_cpp: rosidl_typesupport_fastrtps_cpp;rosidl_typesupport_introspection_cpp
[0.358s] -- Found rmw_implementation_cmake: 1.0.3 (/opt/ros/foxy/share/rmw_implementation_cmake/cmake)
[0.359s] -- Using RMW implementation 'rmw_fastrtps_cpp' as default
[0.532s] -- Configuring done
[0.539s] -- Generating done
[0.541s] -- Build files have been written to: /home/usuario/Documentos/GitHub/IR2117/ros2_ws/build/examples_sum
[0.547s] Invoked command in '/home/usuario/Documentos/GitHub/IR2117/ros2_ws/build/examples_sum' returned '0': CMAKE_PREFIX_PATH=/opt/ros/foxy /usr/bin/cmake /home/usuario/Documentos/GitHub/IR2117/ros2_ws/src/examples/sum -DCMAKE_INSTALL_PREFIX=/home/usuario/Documentos/GitHub/IR2117/ros2_ws/install/examples_sum
[0.550s] Invoking command in '/home/usuario/Documentos/GitHub/IR2117/ros2_ws/build/examples_sum': CMAKE_PREFIX_PATH=/opt/ros/foxy /usr/bin/cmake --build /home/usuario/Documentos/GitHub/IR2117/ros2_ws/build/examples_sum -- -j6 -l6
[0.595s] [35m[1mScanning dependencies of target sum[0m
[0.622s] [ 50%] [32mBuilding CXX object CMakeFiles/sum.dir/sum.cpp.o[0m
[4.296s] [100%] [32m[1mLinking CXX executable sum[0m
[4.755s] [100%] Built target sum
[4.766s] Invoked command in '/home/usuario/Documentos/GitHub/IR2117/ros2_ws/build/examples_sum' returned '0': CMAKE_PREFIX_PATH=/opt/ros/foxy /usr/bin/cmake --build /home/usuario/Documentos/GitHub/IR2117/ros2_ws/build/examples_sum -- -j6 -l6
[4.796s] Invoking command in '/home/usuario/Documentos/GitHub/IR2117/ros2_ws/build/examples_sum': CMAKE_PREFIX_PATH=/opt/ros/foxy /usr/bin/cmake --install /home/usuario/Documentos/GitHub/IR2117/ros2_ws/build/examples_sum
[4.804s] -- Install configuration: ""
[4.805s] -- Installing: /home/usuario/Documentos/GitHub/IR2117/ros2_ws/install/examples_sum/lib/examples_sum/sum
[4.825s] -- Set runtime path of "/home/usuario/Documentos/GitHub/IR2117/ros2_ws/install/examples_sum/lib/examples_sum/sum" to ""
[4.826s] -- Installing: /home/usuario/Documentos/GitHub/IR2117/ros2_ws/install/examples_sum/share/ament_index/resource_index/package_run_dependencies/examples_sum
[4.826s] -- Installing: /home/usuario/Documentos/GitHub/IR2117/ros2_ws/install/examples_sum/share/ament_index/resource_index/parent_prefix_path/examples_sum
[4.827s] -- Installing: /home/usuario/Documentos/GitHub/IR2117/ros2_ws/install/examples_sum/share/examples_sum/environment/ament_prefix_path.sh
[4.827s] -- Installing: /home/usuario/Documentos/GitHub/IR2117/ros2_ws/install/examples_sum/share/examples_sum/environment/ament_prefix_path.dsv
[4.828s] -- Installing: /home/usuario/Documentos/GitHub/IR2117/ros2_ws/install/examples_sum/share/examples_sum/environment/path.sh
[4.829s] -- Installing: /home/usuario/Documentos/GitHub/IR2117/ros2_ws/install/examples_sum/share/examples_sum/environment/path.dsv
[4.829s] -- Installing: /home/usuario/Documentos/GitHub/IR2117/ros2_ws/install/examples_sum/share/examples_sum/local_setup.bash
[4.830s] -- Installing: /home/usuario/Documentos/GitHub/IR2117/ros2_ws/install/examples_sum/share/examples_sum/local_setup.sh
[4.831s] -- Installing: /home/usuario/Documentos/GitHub/IR2117/ros2_ws/install/examples_sum/share/examples_sum/local_setup.zsh
[4.832s] -- Installing: /home/usuario/Documentos/GitHub/IR2117/ros2_ws/install/examples_sum/share/examples_sum/local_setup.dsv
[4.832s] -- Installing: /home/usuario/Documentos/GitHub/IR2117/ros2_ws/install/examples_sum/share/examples_sum/package.dsv
[4.833s] -- Installing: /home/usuario/Documentos/GitHub/IR2117/ros2_ws/install/examples_sum/share/ament_index/resource_index/packages/examples_sum
[4.834s] -- Installing: /home/usuario/Documentos/GitHub/IR2117/ros2_ws/install/examples_sum/share/examples_sum/cmake/examples_sumConfig.cmake
[4.834s] -- Installing: /home/usuario/Documentos/GitHub/IR2117/ros2_ws/install/examples_sum/share/examples_sum/cmake/examples_sumConfig-version.cmake
[4.835s] -- Installing: /home/usuario/Documentos/GitHub/IR2117/ros2_ws/install/examples_sum/share/examples_sum/package.xml
[4.842s] Invoked command in '/home/usuario/Documentos/GitHub/IR2117/ros2_ws/build/examples_sum' returned '0': CMAKE_PREFIX_PATH=/opt/ros/foxy /usr/bin/cmake --install /home/usuario/Documentos/GitHub/IR2117/ros2_ws/build/examples_sum
